<?xml version="1.0" encoding="UTF-8"?>
<coverage generated="1700863994338" clover="3.2.0">
  <project timestamp="1700863994339" name="All files">
    <metrics statements="77" coveredstatements="74" conditionals="41" coveredconditionals="37" methods="19" coveredmethods="18" elements="137" coveredelements="129" complexity="0" loc="77" ncloc="77" packages="2" files="7" classes="7"/>
    <package name="src">
      <metrics statements="32" coveredstatements="32" conditionals="17" coveredconditionals="17" methods="6" coveredmethods="6"/>
      <file name="getDiff.js" path="/home/kozlovjr/genDiff/src/getDiff.js">
        <metrics statements="16" coveredstatements="16" conditionals="14" coveredconditionals="14" methods="2" coveredmethods="2"/>
        <line num="3" count="1" type="stmt"/>
        <line num="4" count="22" type="stmt"/>
        <line num="5" count="22" type="stmt"/>
        <line num="7" count="22" type="stmt"/>
        <line num="9" count="22" type="stmt"/>
        <line num="10" count="82" type="cond" truecount="2" falsecount="0"/>
        <line num="11" count="22" type="stmt"/>
        <line num="13" count="60" type="cond" truecount="2" falsecount="0"/>
        <line num="14" count="12" type="stmt"/>
        <line num="16" count="48" type="cond" truecount="4" falsecount="0"/>
        <line num="17" count="32" type="cond" truecount="2" falsecount="0"/>
        <line num="18" count="18" type="stmt"/>
        <line num="21" count="30" type="cond" truecount="4" falsecount="0"/>
        <line num="22" count="16" type="stmt"/>
        <line num="25" count="14" type="stmt"/>
        <line num="28" count="22" type="stmt"/>
      </file>
      <file name="index.js" path="/home/kozlovjr/genDiff/src/index.js">
        <metrics statements="9" coveredstatements="9" conditionals="1" coveredconditionals="1" methods="3" coveredmethods="3"/>
        <line num="7" count="1" type="stmt"/>
        <line num="8" count="1" type="stmt"/>
        <line num="10" count="14" type="stmt"/>
        <line num="12" count="1" type="cond" truecount="1" falsecount="0"/>
        <line num="13" count="7" type="stmt"/>
        <line num="14" count="7" type="stmt"/>
        <line num="16" count="13" type="stmt"/>
        <line num="18" count="6" type="stmt"/>
        <line num="19" count="6" type="stmt"/>
      </file>
      <file name="parser.js" path="/home/kozlovjr/genDiff/src/parser.js">
        <metrics statements="7" coveredstatements="7" conditionals="2" coveredconditionals="2" methods="1" coveredmethods="1"/>
        <line num="5" count="1" type="stmt"/>
        <line num="7" count="1" type="stmt"/>
        <line num="14" count="13" type="stmt"/>
        <line num="15" count="13" type="cond" truecount="2" falsecount="0"/>
        <line num="16" count="1" type="stmt"/>
        <line num="19" count="12" type="stmt"/>
        <line num="20" count="12" type="stmt"/>
      </file>
    </package>
    <package name="src.formatter">
      <metrics statements="45" coveredstatements="42" conditionals="24" coveredconditionals="20" methods="13" coveredmethods="12"/>
      <file name="index.js" path="/home/kozlovjr/genDiff/src/formatter/index.js">
        <metrics statements="5" coveredstatements="4" conditionals="2" coveredconditionals="1" methods="1" coveredmethods="1"/>
        <line num="5" count="1" type="stmt"/>
        <line num="7" count="1" type="stmt"/>
        <line num="14" count="6" type="cond" truecount="1" falsecount="1"/>
        <line num="15" count="0" type="stmt"/>
        <line num="18" count="6" type="stmt"/>
      </file>
      <file name="json.js" path="/home/kozlovjr/genDiff/src/formatter/json.js">
        <metrics statements="1" coveredstatements="1" conditionals="0" coveredconditionals="0" methods="1" coveredmethods="0"/>
        <line num="1" count="1" type="stmt"/>
      </file>
      <file name="plain.js" path="/home/kozlovjr/genDiff/src/formatter/plain.js">
        <metrics statements="20" coveredstatements="19" conditionals="12" coveredconditionals="11" methods="5" coveredmethods="5"/>
        <line num="1" count="1" type="stmt"/>
        <line num="2" count="26" type="cond" truecount="4" falsecount="0"/>
        <line num="3" count="6" type="stmt"/>
        <line num="5" count="20" type="cond" truecount="2" falsecount="0"/>
        <line num="6" count="14" type="stmt"/>
        <line num="8" count="6" type="stmt"/>
        <line num="11" count="1" type="stmt"/>
        <line num="12" count="2" type="cond" truecount="1" falsecount="0"/>
        <line num="13" count="10" type="stmt"/>
        <line num="14" count="36" type="stmt"/>
        <line num="18" count="30" type="stmt"/>
        <line num="19" count="30" type="stmt"/>
        <line num="20" count="30" type="cond" truecount="4" falsecount="1"/>
        <line num="22" count="8" type="stmt"/>
        <line num="24" count="10" type="stmt"/>
        <line num="26" count="4" type="stmt"/>
        <line num="28" count="8" type="stmt"/>
        <line num="30" count="0" type="stmt"/>
        <line num="34" count="10" type="stmt"/>
        <line num="36" count="2" type="stmt"/>
      </file>
      <file name="stylish.js" path="/home/kozlovjr/genDiff/src/formatter/stylish.js">
        <metrics statements="19" coveredstatements="18" conditionals="10" coveredconditionals="8" methods="6" coveredmethods="6"/>
        <line num="3" count="96" type="stmt"/>
        <line num="5" count="1" type="cond" truecount="0" falsecount="1"/>
        <line num="6" count="66" type="cond" truecount="2" falsecount="0"/>
        <line num="7" count="52" type="stmt"/>
        <line num="9" count="14" type="stmt"/>
        <line num="10" count="18" type="stmt"/>
        <line num="11" count="14" type="stmt"/>
        <line num="14" count="1" type="cond" truecount="1" falsecount="0"/>
        <line num="15" count="12" type="stmt"/>
        <line num="18" count="46" type="stmt"/>
        <line num="19" count="46" type="cond" truecount="5" falsecount="1"/>
        <line num="21" count="8" type="stmt"/>
        <line num="23" count="12" type="stmt"/>
        <line num="25" count="8" type="stmt"/>
        <line num="27" count="10" type="stmt"/>
        <line num="32" count="8" type="stmt"/>
        <line num="34" count="0" type="stmt"/>
        <line num="37" count="12" type="stmt"/>
        <line num="39" count="4" type="stmt"/>
      </file>
    </package>
  </project>
</coverage>
