{"/home/kozlovjr/genDiff/src/getDiff.js": {"path":"/home/kozlovjr/genDiff/src/getDiff.js","statementMap":{"0":{"start":{"line":3,"column":16},"end":{"line":29,"column":1}},"1":{"start":{"line":4,"column":18},"end":{"line":4,"column":36}},"2":{"start":{"line":5,"column":18},"end":{"line":5,"column":36}},"3":{"start":{"line":7,"column":17},"end":{"line":7,"column":54}},"4":{"start":{"line":9,"column":17},"end":{"line":26,"column":6}},"5":{"start":{"line":10,"column":8},"end":{"line":12,"column":9}},"6":{"start":{"line":11,"column":12},"end":{"line":11,"column":66}},"7":{"start":{"line":13,"column":8},"end":{"line":15,"column":9}},"8":{"start":{"line":14,"column":12},"end":{"line":14,"column":68}},"9":{"start":{"line":16,"column":8},"end":{"line":20,"column":9}},"10":{"start":{"line":17,"column":12},"end":{"line":19,"column":13}},"11":{"start":{"line":18,"column":16},"end":{"line":18,"column":92}},"12":{"start":{"line":21,"column":8},"end":{"line":23,"column":9}},"13":{"start":{"line":22,"column":12},"end":{"line":22,"column":90}},"14":{"start":{"line":25,"column":8},"end":{"line":25,"column":62}},"15":{"start":{"line":28,"column":4},"end":{"line":28,"column":16}}},"fnMap":{"0":{"name":"(anonymous_0)","decl":{"start":{"line":3,"column":16},"end":{"line":3,"column":17}},"loc":{"start":{"line":3,"column":34},"end":{"line":29,"column":1}},"line":3},"1":{"name":"(anonymous_1)","decl":{"start":{"line":9,"column":26},"end":{"line":9,"column":27}},"loc":{"start":{"line":9,"column":35},"end":{"line":26,"column":5}},"line":9}},"branchMap":{"0":{"loc":{"start":{"line":10,"column":8},"end":{"line":12,"column":9}},"type":"if","locations":[{"start":{"line":10,"column":8},"end":{"line":12,"column":9}},{"start":{},"end":{}}],"line":10},"1":{"loc":{"start":{"line":13,"column":8},"end":{"line":15,"column":9}},"type":"if","locations":[{"start":{"line":13,"column":8},"end":{"line":15,"column":9}},{"start":{},"end":{}}],"line":13},"2":{"loc":{"start":{"line":16,"column":8},"end":{"line":20,"column":9}},"type":"if","locations":[{"start":{"line":16,"column":8},"end":{"line":20,"column":9}},{"start":{},"end":{}}],"line":16},"3":{"loc":{"start":{"line":16,"column":11},"end":{"line":16,"column":75}},"type":"binary-expr","locations":[{"start":{"line":16,"column":11},"end":{"line":16,"column":41}},{"start":{"line":16,"column":45},"end":{"line":16,"column":75}}],"line":16},"4":{"loc":{"start":{"line":17,"column":12},"end":{"line":19,"column":13}},"type":"if","locations":[{"start":{"line":17,"column":12},"end":{"line":19,"column":13}},{"start":{},"end":{}}],"line":17},"5":{"loc":{"start":{"line":21,"column":8},"end":{"line":23,"column":9}},"type":"if","locations":[{"start":{"line":21,"column":8},"end":{"line":23,"column":9}},{"start":{},"end":{}}],"line":21},"6":{"loc":{"start":{"line":21,"column":11},"end":{"line":21,"column":70}},"type":"binary-expr","locations":[{"start":{"line":21,"column":11},"end":{"line":21,"column":38}},{"start":{"line":21,"column":43},"end":{"line":21,"column":70}}],"line":21}},"s":{"0":1,"1":22,"2":22,"3":22,"4":22,"5":82,"6":22,"7":60,"8":12,"9":48,"10":32,"11":18,"12":30,"13":16,"14":14,"15":22},"f":{"0":22,"1":82},"b":{"0":[22,60],"1":[12,48],"2":[32,16],"3":[48,20],"4":[18,14],"5":[16,14],"6":[30,16]},"_coverageSchema":"1a1c01bbd47fc00a2c39e90264f33305004495a9","hash":"a6da234e78248a387cfd1f7ed582efc9909485e7"}
,"/home/kozlovjr/genDiff/src/index.js": {"path":"/home/kozlovjr/genDiff/src/index.js","statementMap":{"0":{"start":{"line":7,"column":19},"end":{"line":7,"column":49}},"1":{"start":{"line":8,"column":18},"end":{"line":8,"column":42}},"2":{"start":{"line":10,"column":17},"end":{"line":10,"column":83}},"3":{"start":{"line":10,"column":31},"end":{"line":10,"column":83}},"4":{"start":{"line":12,"column":16},"end":{"line":20,"column":1}},"5":{"start":{"line":13,"column":22},"end":{"line":13,"column":37}},"6":{"start":{"line":14,"column":22},"end":{"line":14,"column":37}},"7":{"start":{"line":16,"column":27},"end":{"line":16,"column":84}},"8":{"start":{"line":16,"column":68},"end":{"line":16,"column":83}},"9":{"start":{"line":18,"column":17},"end":{"line":18,"column":38}},"10":{"start":{"line":19,"column":4},"end":{"line":19,"column":34}}},"fnMap":{"0":{"name":"(anonymous_0)","decl":{"start":{"line":10,"column":17},"end":{"line":10,"column":18}},"loc":{"start":{"line":10,"column":31},"end":{"line":10,"column":83}},"line":10},"1":{"name":"(anonymous_1)","decl":{"start":{"line":12,"column":16},"end":{"line":12,"column":17}},"loc":{"start":{"line":12,"column":54},"end":{"line":20,"column":1}},"line":12},"2":{"name":"(anonymous_2)","decl":{"start":{"line":16,"column":54},"end":{"line":16,"column":55}},"loc":{"start":{"line":16,"column":68},"end":{"line":16,"column":83}},"line":16}},"branchMap":{"0":{"loc":{"start":{"line":12,"column":31},"end":{"line":12,"column":49}},"type":"default-arg","locations":[{"start":{"line":12,"column":40},"end":{"line":12,"column":49}}],"line":12}},"s":{"0":1,"1":1,"2":1,"3":14,"4":1,"5":7,"6":7,"7":7,"8":13,"9":6,"10":6},"f":{"0":14,"1":7,"2":13},"b":{"0":[4]},"_coverageSchema":"1a1c01bbd47fc00a2c39e90264f33305004495a9","hash":"da70bce981ded3780734068d913460b64ecf73e4"}
,"/home/kozlovjr/genDiff/src/parser.js": {"path":"/home/kozlovjr/genDiff/src/parser.js","statementMap":{"0":{"start":{"line":5,"column":28},"end":{"line":5,"column":43}},"1":{"start":{"line":7,"column":14},"end":{"line":10,"column":1}},"2":{"start":{"line":14,"column":22},"end":{"line":14,"column":53}},"3":{"start":{"line":15,"column":4},"end":{"line":17,"column":5}},"4":{"start":{"line":16,"column":8},"end":{"line":16,"column":56}},"5":{"start":{"line":19,"column":20},"end":{"line":19,"column":54}},"6":{"start":{"line":20,"column":4},"end":{"line":20,"column":37}}},"fnMap":{"0":{"name":"(anonymous_0)","decl":{"start":{"line":13,"column":15},"end":{"line":13,"column":16}},"loc":{"start":{"line":13,"column":29},"end":{"line":21,"column":1}},"line":13}},"branchMap":{"0":{"loc":{"start":{"line":15,"column":4},"end":{"line":17,"column":5}},"type":"if","locations":[{"start":{"line":15,"column":4},"end":{"line":17,"column":5}},{"start":{},"end":{}}],"line":15}},"s":{"0":1,"1":1,"2":13,"3":13,"4":1,"5":12,"6":12},"f":{"0":13},"b":{"0":[1,12]},"_coverageSchema":"1a1c01bbd47fc00a2c39e90264f33305004495a9","hash":"20769d561b6c5f17d1d8a8a1c55c2f9337bf1382"}
,"/home/kozlovjr/genDiff/src/formatter/index.js": {"path":"/home/kozlovjr/genDiff/src/formatter/index.js","statementMap":{"0":{"start":{"line":5,"column":28},"end":{"line":5,"column":56}},"1":{"start":{"line":7,"column":19},"end":{"line":11,"column":1}},"2":{"start":{"line":14,"column":4},"end":{"line":16,"column":5}},"3":{"start":{"line":15,"column":8},"end":{"line":15,"column":84}},"4":{"start":{"line":18,"column":4},"end":{"line":18,"column":36}}},"fnMap":{"0":{"name":"(anonymous_0)","decl":{"start":{"line":13,"column":15},"end":{"line":13,"column":16}},"loc":{"start":{"line":13,"column":33},"end":{"line":19,"column":1}},"line":13}},"branchMap":{"0":{"loc":{"start":{"line":14,"column":4},"end":{"line":16,"column":5}},"type":"if","locations":[{"start":{"line":14,"column":4},"end":{"line":16,"column":5}},{"start":{},"end":{}}],"line":14}},"s":{"0":1,"1":1,"2":6,"3":0,"4":6},"f":{"0":6},"b":{"0":[0,6]},"_coverageSchema":"1a1c01bbd47fc00a2c39e90264f33305004495a9","hash":"087289a2571ce168daa4f24830161aba1d6921aa"}
,"/home/kozlovjr/genDiff/src/formatter/json.js": {"path":"/home/kozlovjr/genDiff/src/formatter/json.js","statementMap":{"0":{"start":{"line":1,"column":19},"end":{"line":1,"column":57}},"1":{"start":{"line":1,"column":33},"end":{"line":1,"column":57}}},"fnMap":{"0":{"name":"(anonymous_0)","decl":{"start":{"line":1,"column":19},"end":{"line":1,"column":20}},"loc":{"start":{"line":1,"column":33},"end":{"line":1,"column":57}},"line":1}},"branchMap":{},"s":{"0":1,"1":0},"f":{"0":0},"b":{},"_coverageSchema":"1a1c01bbd47fc00a2c39e90264f33305004495a9","hash":"f260ca6d8ac54fd3a4c808add69e2c0db3168b0f"}
,"/home/kozlovjr/genDiff/src/formatter/plain.js": {"path":"/home/kozlovjr/genDiff/src/formatter/plain.js","statementMap":{"0":{"start":{"line":1,"column":19},"end":{"line":9,"column":3}},"1":{"start":{"line":2,"column":4},"end":{"line":4,"column":5}},"2":{"start":{"line":3,"column":6},"end":{"line":3,"column":31}},"3":{"start":{"line":5,"column":4},"end":{"line":7,"column":5}},"4":{"start":{"line":6,"column":6},"end":{"line":6,"column":26}},"5":{"start":{"line":8,"column":4},"end":{"line":8,"column":17}},"6":{"start":{"line":11,"column":22},"end":{"line":37,"column":3}},"7":{"start":{"line":12,"column":21},"end":{"line":35,"column":5}},"8":{"start":{"line":13,"column":21},"end":{"line":32,"column":10}},"9":{"start":{"line":14,"column":26},"end":{"line":14,"column":49}},"10":{"start":{"line":18,"column":14},"end":{"line":18,"column":18}},"11":{"start":{"line":19,"column":26},"end":{"line":19,"column":38}},"12":{"start":{"line":20,"column":10},"end":{"line":31,"column":11}},"13":{"start":{"line":22,"column":14},"end":{"line":22,"column":55}},"14":{"start":{"line":24,"column":14},"end":{"line":24,"column":89}},"15":{"start":{"line":26,"column":14},"end":{"line":26,"column":57}},"16":{"start":{"line":28,"column":14},"end":{"line":28,"column":110}},"17":{"start":{"line":30,"column":14},"end":{"line":30,"column":57}},"18":{"start":{"line":34,"column":6},"end":{"line":34,"column":31}},"19":{"start":{"line":36,"column":4},"end":{"line":36,"column":26}}},"fnMap":{"0":{"name":"(anonymous_0)","decl":{"start":{"line":1,"column":19},"end":{"line":1,"column":20}},"loc":{"start":{"line":1,"column":30},"end":{"line":9,"column":3}},"line":1},"1":{"name":"(anonymous_1)","decl":{"start":{"line":11,"column":22},"end":{"line":11,"column":23}},"loc":{"start":{"line":11,"column":32},"end":{"line":37,"column":3}},"line":11},"2":{"name":"(anonymous_2)","decl":{"start":{"line":12,"column":21},"end":{"line":12,"column":22}},"loc":{"start":{"line":12,"column":46},"end":{"line":35,"column":5}},"line":12},"3":{"name":"(anonymous_3)","decl":{"start":{"line":14,"column":16},"end":{"line":14,"column":17}},"loc":{"start":{"line":14,"column":26},"end":{"line":14,"column":49}},"line":14},"4":{"name":"(anonymous_4)","decl":{"start":{"line":15,"column":13},"end":{"line":15,"column":14}},"loc":{"start":{"line":15,"column":23},"end":{"line":32,"column":9}},"line":15}},"branchMap":{"0":{"loc":{"start":{"line":2,"column":4},"end":{"line":4,"column":5}},"type":"if","locations":[{"start":{"line":2,"column":4},"end":{"line":4,"column":5}},{"start":{},"end":{}}],"line":2},"1":{"loc":{"start":{"line":2,"column":8},"end":{"line":2,"column":53}},"type":"binary-expr","locations":[{"start":{"line":2,"column":8},"end":{"line":2,"column":35}},{"start":{"line":2,"column":39},"end":{"line":2,"column":53}}],"line":2},"2":{"loc":{"start":{"line":5,"column":4},"end":{"line":7,"column":5}},"type":"if","locations":[{"start":{"line":5,"column":4},"end":{"line":7,"column":5}},{"start":{},"end":{}}],"line":5},"3":{"loc":{"start":{"line":12,"column":30},"end":{"line":12,"column":41}},"type":"default-arg","locations":[{"start":{"line":12,"column":39},"end":{"line":12,"column":41}}],"line":12},"4":{"loc":{"start":{"line":20,"column":10},"end":{"line":31,"column":11}},"type":"switch","locations":[{"start":{"line":21,"column":12},"end":{"line":22,"column":55}},{"start":{"line":23,"column":12},"end":{"line":24,"column":89}},{"start":{"line":25,"column":12},"end":{"line":26,"column":57}},{"start":{"line":27,"column":12},"end":{"line":28,"column":110}},{"start":{"line":29,"column":12},"end":{"line":30,"column":57}}],"line":20}},"s":{"0":1,"1":26,"2":6,"3":20,"4":14,"5":6,"6":1,"7":2,"8":10,"9":36,"10":30,"11":30,"12":30,"13":8,"14":10,"15":4,"16":8,"17":0,"18":10,"19":2},"f":{"0":26,"1":2,"2":10,"3":36,"4":30},"b":{"0":[6,20],"1":[26,8],"2":[14,6],"3":[2],"4":[8,10,4,8,0]},"_coverageSchema":"1a1c01bbd47fc00a2c39e90264f33305004495a9","hash":"04e2de09b79443883a9f793e410fe06f46b5c950"}
,"/home/kozlovjr/genDiff/src/formatter/stylish.js": {"path":"/home/kozlovjr/genDiff/src/formatter/stylish.js","statementMap":{"0":{"start":{"line":3,"column":15},"end":{"line":3,"column":51}},"1":{"start":{"line":3,"column":26},"end":{"line":3,"column":51}},"2":{"start":{"line":5,"column":18},"end":{"line":12,"column":1}},"3":{"start":{"line":6,"column":2},"end":{"line":8,"column":3}},"4":{"start":{"line":7,"column":4},"end":{"line":7,"column":25}},"5":{"start":{"line":9,"column":15},"end":{"line":9,"column":33}},"6":{"start":{"line":10,"column":17},"end":{"line":10,"column":103}},"7":{"start":{"line":10,"column":35},"end":{"line":10,"column":102}},"8":{"start":{"line":11,"column":2},"end":{"line":11,"column":56}},"9":{"start":{"line":14,"column":13},"end":{"line":38,"column":1}},"10":{"start":{"line":15,"column":17},"end":{"line":36,"column":4}},"11":{"start":{"line":18,"column":8},"end":{"line":18,"column":12}},"12":{"start":{"line":19,"column":4},"end":{"line":35,"column":5}},"13":{"start":{"line":21,"column":8},"end":{"line":21,"column":96}},"14":{"start":{"line":23,"column":8},"end":{"line":23,"column":71}},"15":{"start":{"line":25,"column":8},"end":{"line":25,"column":71}},"16":{"start":{"line":27,"column":8},"end":{"line":30,"column":10}},"17":{"start":{"line":32,"column":8},"end":{"line":32,"column":71}},"18":{"start":{"line":34,"column":8},"end":{"line":34,"column":51}},"19":{"start":{"line":37,"column":2},"end":{"line":37,"column":27}},"20":{"start":{"line":39,"column":22},"end":{"line":39,"column":53}},"21":{"start":{"line":39,"column":32},"end":{"line":39,"column":53}}},"fnMap":{"0":{"name":"(anonymous_0)","decl":{"start":{"line":3,"column":15},"end":{"line":3,"column":16}},"loc":{"start":{"line":3,"column":26},"end":{"line":3,"column":51}},"line":3},"1":{"name":"(anonymous_1)","decl":{"start":{"line":5,"column":18},"end":{"line":5,"column":19}},"loc":{"start":{"line":5,"column":40},"end":{"line":12,"column":1}},"line":5},"2":{"name":"(anonymous_2)","decl":{"start":{"line":10,"column":26},"end":{"line":10,"column":27}},"loc":{"start":{"line":10,"column":35},"end":{"line":10,"column":102}},"line":10},"3":{"name":"(anonymous_3)","decl":{"start":{"line":14,"column":13},"end":{"line":14,"column":14}},"loc":{"start":{"line":14,"column":34},"end":{"line":38,"column":1}},"line":14},"4":{"name":"(anonymous_4)","decl":{"start":{"line":15,"column":30},"end":{"line":15,"column":31}},"loc":{"start":{"line":15,"column":40},"end":{"line":36,"column":3}},"line":15},"5":{"name":"(anonymous_5)","decl":{"start":{"line":39,"column":22},"end":{"line":39,"column":23}},"loc":{"start":{"line":39,"column":32},"end":{"line":39,"column":53}},"line":39}},"branchMap":{"0":{"loc":{"start":{"line":5,"column":26},"end":{"line":5,"column":35}},"type":"default-arg","locations":[{"start":{"line":5,"column":34},"end":{"line":5,"column":35}}],"line":5},"1":{"loc":{"start":{"line":6,"column":2},"end":{"line":8,"column":3}},"type":"if","locations":[{"start":{"line":6,"column":2},"end":{"line":8,"column":3}},{"start":{},"end":{}}],"line":6},"2":{"loc":{"start":{"line":14,"column":20},"end":{"line":14,"column":29}},"type":"default-arg","locations":[{"start":{"line":14,"column":28},"end":{"line":14,"column":29}}],"line":14},"3":{"loc":{"start":{"line":19,"column":4},"end":{"line":35,"column":5}},"type":"switch","locations":[{"start":{"line":20,"column":6},"end":{"line":21,"column":96}},{"start":{"line":22,"column":6},"end":{"line":23,"column":71}},{"start":{"line":24,"column":6},"end":{"line":25,"column":71}},{"start":{"line":26,"column":6},"end":{"line":30,"column":10}},{"start":{"line":31,"column":6},"end":{"line":32,"column":71}},{"start":{"line":33,"column":6},"end":{"line":34,"column":51}}],"line":19}},"s":{"0":1,"1":96,"2":1,"3":66,"4":52,"5":14,"6":14,"7":18,"8":14,"9":1,"10":12,"11":46,"12":46,"13":8,"14":12,"15":8,"16":10,"17":8,"18":0,"19":12,"20":1,"21":4},"f":{"0":96,"1":66,"2":18,"3":12,"4":46,"5":4},"b":{"0":[0],"1":[52,14],"2":[4],"3":[8,12,8,10,8,0]},"_coverageSchema":"1a1c01bbd47fc00a2c39e90264f33305004495a9","hash":"6bcb01d54c5aba55ba137ba7f56cdc4b1393729a"}
}
