TN:
SF:src/getDiff.js
FN:3,(anonymous_0)
FN:9,(anonymous_1)
FNF:2
FNH:2
FNDA:22,(anonymous_0)
FNDA:82,(anonymous_1)
DA:3,1
DA:4,22
DA:5,22
DA:7,22
DA:9,22
DA:10,82
DA:11,22
DA:13,60
DA:14,12
DA:16,48
DA:17,32
DA:18,18
DA:21,30
DA:22,16
DA:25,14
DA:28,22
LF:16
LH:16
BRDA:10,0,0,22
BRDA:10,0,1,60
BRDA:13,1,0,12
BRDA:13,1,1,48
BRDA:16,2,0,32
BRDA:16,2,1,16
BRDA:16,3,0,48
BRDA:16,3,1,20
BRDA:17,4,0,18
BRDA:17,4,1,14
BRDA:21,5,0,16
BRDA:21,5,1,14
BRDA:21,6,0,30
BRDA:21,6,1,16
BRF:14
BRH:14
end_of_record
TN:
SF:src/index.js
FN:10,(anonymous_0)
FN:12,(anonymous_1)
FN:16,(anonymous_2)
FNF:3
FNH:3
FNDA:14,(anonymous_0)
FNDA:7,(anonymous_1)
FNDA:13,(anonymous_2)
DA:7,1
DA:8,1
DA:10,14
DA:12,1
DA:13,7
DA:14,7
DA:16,13
DA:18,6
DA:19,6
LF:9
LH:9
BRDA:12,0,0,4
BRF:1
BRH:1
end_of_record
TN:
SF:src/parser.js
FN:13,(anonymous_0)
FNF:1
FNH:1
FNDA:13,(anonymous_0)
DA:5,1
DA:7,1
DA:14,13
DA:15,13
DA:16,1
DA:19,12
DA:20,12
LF:7
LH:7
BRDA:15,0,0,1
BRDA:15,0,1,12
BRF:2
BRH:2
end_of_record
TN:
SF:src/formatter/index.js
FN:13,(anonymous_0)
FNF:1
FNH:1
FNDA:6,(anonymous_0)
DA:5,1
DA:7,1
DA:14,6
DA:15,0
DA:18,6
LF:5
LH:4
BRDA:14,0,0,0
BRDA:14,0,1,6
BRF:2
BRH:1
end_of_record
TN:
SF:src/formatter/json.js
FN:1,(anonymous_0)
FNF:1
FNH:0
FNDA:0,(anonymous_0)
DA:1,1
LF:1
LH:1
BRF:0
BRH:0
end_of_record
TN:
SF:src/formatter/plain.js
FN:1,(anonymous_0)
FN:11,(anonymous_1)
FN:12,(anonymous_2)
FN:14,(anonymous_3)
FN:15,(anonymous_4)
FNF:5
FNH:5
FNDA:26,(anonymous_0)
FNDA:2,(anonymous_1)
FNDA:10,(anonymous_2)
FNDA:36,(anonymous_3)
FNDA:30,(anonymous_4)
DA:1,1
DA:2,26
DA:3,6
DA:5,20
DA:6,14
DA:8,6
DA:11,1
DA:12,2
DA:13,10
DA:14,36
DA:18,30
DA:19,30
DA:20,30
DA:22,8
DA:24,10
DA:26,4
DA:28,8
DA:30,0
DA:34,10
DA:36,2
LF:20
LH:19
BRDA:2,0,0,6
BRDA:2,0,1,20
BRDA:2,1,0,26
BRDA:2,1,1,8
BRDA:5,2,0,14
BRDA:5,2,1,6
BRDA:12,3,0,2
BRDA:20,4,0,8
BRDA:20,4,1,10
BRDA:20,4,2,4
BRDA:20,4,3,8
BRDA:20,4,4,0
BRF:12
BRH:11
end_of_record
TN:
SF:src/formatter/stylish.js
FN:3,(anonymous_0)
FN:5,(anonymous_1)
FN:10,(anonymous_2)
FN:14,(anonymous_3)
FN:15,(anonymous_4)
FN:39,(anonymous_5)
FNF:6
FNH:6
FNDA:96,(anonymous_0)
FNDA:66,(anonymous_1)
FNDA:18,(anonymous_2)
FNDA:12,(anonymous_3)
FNDA:46,(anonymous_4)
FNDA:4,(anonymous_5)
DA:3,96
DA:5,1
DA:6,66
DA:7,52
DA:9,14
DA:10,18
DA:11,14
DA:14,1
DA:15,12
DA:18,46
DA:19,46
DA:21,8
DA:23,12
DA:25,8
DA:27,10
DA:32,8
DA:34,0
DA:37,12
DA:39,4
LF:19
LH:18
BRDA:5,0,0,0
BRDA:6,1,0,52
BRDA:6,1,1,14
BRDA:14,2,0,4
BRDA:19,3,0,8
BRDA:19,3,1,12
BRDA:19,3,2,8
BRDA:19,3,3,10
BRDA:19,3,4,8
BRDA:19,3,5,0
BRF:10
BRH:8
end_of_record
